# JRE version: Java(TM) SE Runtime Environment (8.0_144-b01) (build 1.8.0_144-b01)
# Java VM: Java HotSpot(TM) 64-Bit Server VM (25.144-b01 mixed mode windows-amd64 compressed oops)
Heap:
 PSYoungGen      total 275456K, used 58646K [0x000000076c380000, 0x0000000781b00000, 0x00000007c0000000)
  eden space 256000K, 22% used [0x000000076c380000,0x000000076fcc5968,0x000000077bd80000)
  from space 19456K, 0% used [0x000000077d100000,0x000000077d100000,0x000000077e400000)
  to   space 19968K, 0% used [0x000000077bd80000,0x000000077bd80000,0x000000077d100000)
 ParOldGen       total 197632K, used 31336K [0x00000006c4a00000, 0x00000006d0b00000, 0x000000076c380000)
  object space 197632K, 15% used [0x00000006c4a00000,0x00000006c689a2d8,0x00000006d0b00000)
 Metaspace       used 61189K, capacity 61684K, committed 62168K, reserved 1103872K
  class space    used 6894K, capacity 7026K, committed 7168K, reserved 1048576K
GC Heap History (10 events):
Event: 20.627 GC heap before
{Heap before GC invocations=15 (full 2):
 PSYoungGen      total 187392K, used 186958K [0x000000076c380000, 0x0000000779880000, 0x00000007c0000000)
  eden space 178688K, 100% used [0x000000076c380000,0x0000000777200000,0x0000000777200000)
  from space 8704K, 95% used [0x0000000779000000,0x0000000779813b18,0x0000000779880000)
  to   space 11776K, 0% used [0x0000000778180000,0x0000000778180000,0x0000000778d00000)
 ParOldGen       total 161280K, used 22195K [0x00000006c4a00000, 0x00000006ce780000, 0x000000076c380000)
  object space 161280K, 13% used [0x00000006c4a00000,0x00000006c5facec8,0x00000006ce780000)
 Metaspace       used 48103K, capacity 48412K, committed 48984K, reserved 1093632K
  class space    used 5584K, capacity 5671K, committed 5760K, reserved 1048576K
Event: 20.638 GC heap after
Heap after GC invocations=15 (full 2):
 PSYoungGen      total 206336K, used 10362K [0x000000076c380000, 0x000000077b080000, 0x00000007c0000000)
  eden space 194560K, 0% used [0x000000076c380000,0x000000076c380000,0x0000000778180000)
  from space 11776K, 88% used [0x0000000778180000,0x0000000778b9ebb8,0x0000000778d00000)
  to   space 12800K, 0% used [0x000000077a400000,0x000000077a400000,0x000000077b080000)
 ParOldGen       total 161280K, used 22203K [0x00000006c4a00000, 0x00000006ce780000, 0x000000076c380000)
  object space 161280K, 13% used [0x00000006c4a00000,0x00000006c5faeec8,0x00000006ce780000)
 Metaspace       used 48103K, capacity 48412K, committed 48984K, reserved 1093632K
  class space    used 5584K, capacity 5671K, committed 5760K, reserved 1048576K
}
Event: 23.690 GC heap before
{Heap before GC invocations=16 (full 2):
 PSYoungGen      total 206336K, used 204922K [0x000000076c380000, 0x000000077b080000, 0x00000007c0000000)
  eden space 194560K, 100% used [0x000000076c380000,0x0000000778180000,0x0000000778180000)
  from space 11776K, 88% used [0x0000000778180000,0x0000000778b9ebb8,0x0000000778d00000)
  to   space 12800K, 0% used [0x000000077a400000,0x000000077a400000,0x000000077b080000)
 ParOldGen       total 161280K, used 22203K [0x00000006c4a00000, 0x00000006ce780000, 0x000000076c380000)
  object space 161280K, 13% used [0x00000006c4a00000,0x00000006c5faeec8,0x00000006ce780000)
 Metaspace       used 52619K, capacity 53010K, committed 53464K, reserved 1097728K
  class space    used 5993K, capacity 6111K, committed 6144K, reserved 1048576K
Event: 23.706 GC heap after
Heap after GC invocations=16 (full 2):
 PSYoungGen      total 226816K, used 12786K [0x000000076c380000, 0x000000077c780000, 0x00000007c0000000)
  eden space 214016K, 0% used [0x000000076c380000,0x000000076c380000,0x0000000779480000)
  from space 12800K, 99% used [0x000000077a400000,0x000000077b07c948,0x000000077b080000)
  to   space 15872K, 0% used [0x0000000779480000,0x0000000779480000,0x000000077a400000)
 ParOldGen       total 161280K, used 26062K [0x00000006c4a00000, 0x00000006ce780000, 0x000000076c380000)
  object space 161280K, 16% used [0x00000006c4a00000,0x00000006c6373958,0x00000006ce780000)
 Metaspace       used 52619K, capacity 53010K, committed 53464K, reserved 1097728K
  class space    used 5993K, capacity 6111K, committed 6144K, reserved 1048576K
}
Event: 26.333 GC heap before
{Heap before GC invocations=17 (full 2):
 PSYoungGen      total 226816K, used 226802K [0x000000076c380000, 0x000000077c780000, 0x00000007c0000000)
  eden space 214016K, 100% used [0x000000076c380000,0x0000000779480000,0x0000000779480000)
  from space 12800K, 99% used [0x000000077a400000,0x000000077b07c948,0x000000077b080000)
  to   space 15872K, 0% used [0x0000000779480000,0x0000000779480000,0x000000077a400000)
 ParOldGen       total 161280K, used 26062K [0x00000006c4a00000, 0x00000006ce780000, 0x000000076c380000)
  object space 161280K, 16% used [0x00000006c4a00000,0x00000006c6373958,0x00000006ce780000)
 Metaspace       used 57751K, capacity 58362K, committed 58712K, reserved 1101824K
  class space    used 6598K, capacity 6734K, committed 6784K, reserved 1048576K
Event: 26.346 GC heap after
Heap after GC invocations=17 (full 2):
 PSYoungGen      total 229888K, used 15869K [0x000000076c380000, 0x000000077e400000, 0x00000007c0000000)
  eden space 214016K, 0% used [0x000000076c380000,0x000000076c380000,0x0000000779480000)
  from space 15872K, 99% used [0x0000000779480000,0x000000077a3ff750,0x000000077a400000)
  to   space 19456K, 0% used [0x000000077d100000,0x000000077d100000,0x000000077e400000)
 ParOldGen       total 161280K, used 30037K [0x00000006c4a00000, 0x00000006ce780000, 0x000000076c380000)
  object space 161280K, 18% used [0x00000006c4a00000,0x00000006c67557b8,0x00000006ce780000)
 Metaspace       used 57751K, capacity 58362K, committed 58712K, reserved 1101824K
  class space    used 6598K, capacity 6734K, committed 6784K, reserved 1048576K
}
Event: 26.395 GC heap before
{Heap before GC invocations=18 (full 2):
 PSYoungGen      total 229888K, used 20162K [0x000000076c380000, 0x000000077e400000, 0x00000007c0000000)
  eden space 214016K, 2% used [0x000000076c380000,0x000000076c7b1120,0x0000000779480000)
  from space 15872K, 99% used [0x0000000779480000,0x000000077a3ff750,0x000000077a400000)
  to   space 19456K, 0% used [0x000000077d100000,0x000000077d100000,0x000000077e400000)
 ParOldGen       total 161280K, used 30037K [0x00000006c4a00000, 0x00000006ce780000, 0x000000076c380000)
  object space 161280K, 18% used [0x00000006c4a00000,0x00000006c67557b8,0x00000006ce780000)
 Metaspace       used 58092K, capacity 58714K, committed 58968K, reserved 1101824K
  class space    used 6605K, capacity 6766K, committed 6784K, reserved 1048576K
Event: 26.402 GC heap after
Heap after GC invocations=18 (full 2):
 PSYoungGen      total 275456K, used 625K [0x000000076c380000, 0x0000000781b00000, 0x00000007c0000000)
  eden space 256000K, 0% used [0x000000076c380000,0x000000076c380000,0x000000077bd80000)
  from space 19456K, 3% used [0x000000077d100000,0x000000077d19c710,0x000000077e400000)
  to   space 19968K, 0% used [0x000000077bd80000,0x000000077bd80000,0x000000077d100000)
 ParOldGen       total 161280K, used 43864K [0x00000006c4a00000, 0x00000006ce780000, 0x000000076c380000)
  object space 161280K, 27% used [0x00000006c4a00000,0x00000006c74d6358,0x00000006ce780000)
 Metaspace       used 58092K, capacity 58714K, committed 58968K, reserved 1101824K
  class space    used 6605K, capacity 6766K, committed 6784K, reserved 1048576K
}
Event: 26.402 GC heap before
{Heap before GC invocations=19 (full 3):
 PSYoungGen      total 275456K, used 625K [0x000000076c380000, 0x0000000781b00000, 0x00000007c0000000)
  eden space 256000K, 0% used [0x000000076c380000,0x000000076c380000,0x000000077bd80000)
  from space 19456K, 3% used [0x000000077d100000,0x000000077d19c710,0x000000077e400000)
  to   space 19968K, 0% used [0x000000077bd80000,0x000000077bd80000,0x000000077d100000)
 ParOldGen       total 161280K, used 43864K [0x00000006c4a00000, 0x00000006ce780000, 0x000000076c380000)
  object space 161280K, 27% used [0x00000006c4a00000,0x00000006c74d6358,0x00000006ce780000)
 Metaspace       used 58092K, capacity 58714K, committed 58968K, reserved 1101824K
  class space    used 6605K, capacity 6766K, committed 6784K, reserved 1048576K
Event: 26.587 GC heap after
Heap after GC invocations=19 (full 3):
 PSYoungGen      total 275456K, used 0K [0x000000076c380000, 0x0000000781b00000, 0x00000007c0000000)
  eden space 256000K, 0% used [0x000000076c380000,0x000000076c380000,0x000000077bd80000)
  from space 19456K, 0% used [0x000000077d100000,0x000000077d100000,0x000000077e400000)
  to   space 19968K, 0% used [0x000000077bd80000,0x000000077bd80000,0x000000077d100000)
 ParOldGen       total 197632K, used 31336K [0x00000006c4a00000, 0x00000006d0b00000, 0x000000076c380000)
  object space 197632K, 15% used [0x00000006c4a00000,0x00000006c689a2d8,0x00000006d0b00000)
 Metaspace       used 57127K, capacity 57596K, committed 58968K, reserved 1101824K
  class space    used 6460K, capacity 6608K, committed 6784K, reserved 1048576K
}

